<?xml version="1.0" encoding="UTF-8"?>
<!-- Generated by org.testng.reporters.JUnitReportReporter -->
<testsuite hostname="Pradeeppandey" name="com.etiam.testcase.LeftPanel" tests="5" failures="0" timestamp="2 Jul 2015 09:11:39 GMT" time="44.778" errors="0">
  <testcase name="test_eTOMAssessment1" time="19.429" classname="com.etiam.testcase.LeftPanel"/>
  <testcase name="test_FrontEndAndBackendFunctions" time="4.841" classname="com.etiam.testcase.LeftPanel"/>
  <testcase name="test_CapabilitiesOfCRM" time="9.036" classname="com.etiam.testcase.LeftPanel"/>
  <testcase name="test_eTOMAssessment2" time="6.726" classname="com.etiam.testcase.LeftPanel"/>
  <testcase name="test_PrinciplesOfCRM" time="4.746" classname="com.etiam.testcase.LeftPanel"/>
</testsuite> <!-- com.etiam.testcase.LeftPanel -->
