<?xml version="1.0" encoding="UTF-8"?>
<!-- Generated by org.testng.reporters.JUnitReportReporter -->
<testsuite hostname="Pradeeppandey" name="com.etiam.testcase.Header_title" tests="2" failures="0" timestamp="2 Jul 2015 09:11:39 GMT" time="0.500" errors="0">
  <testcase name="test_Title" time="0.395" classname="com.etiam.testcase.Header_title"/>
  <testcase name="test_Logo" time="0.105" classname="com.etiam.testcase.Header_title"/>
</testsuite> <!-- com.etiam.testcase.Header_title -->
