<?xml version="1.0" encoding="UTF-8"?>
<!-- Generated by org.testng.reporters.JUnitReportReporter -->
<testsuite hostname="Pradeeppandey" name="com.etiam.testcase.CSSValidation" tests="1" failures="0" timestamp="2 Jul 2015 09:11:39 GMT" time="1.630" errors="0">
  <testcase name="test_checkUncheckLeftPanel" time="1.630" classname="com.etiam.testcase.CSSValidation"/>
</testsuite> <!-- com.etiam.testcase.CSSValidation -->
