<?xml version="1.0" encoding="UTF-8"?>
<!-- Generated by org.testng.reporters.JUnitReportReporter -->
<testsuite hostname="Pradeeppandey" name="com.etiam.testcase.Header_hstrip" tests="4" failures="0" timestamp="2 Jul 2015 09:11:39 GMT" time="6.916" errors="0">
  <testcase name="test_ExitCourseButton" time="4.306" classname="com.etiam.testcase.Header_hstrip"/>
  <testcase name="test_GlossaryLink" time="0.735" classname="com.etiam.testcase.Header_hstrip"/>
  <testcase name="test_HelpLink" time="0.675" classname="com.etiam.testcase.Header_hstrip"/>
  <testcase name="test_DownloadPDF" time="1.200" classname="com.etiam.testcase.Header_hstrip"/>
</testsuite> <!-- com.etiam.testcase.Header_hstrip -->
