<?xml version="1.0" encoding="UTF-8"?>
<!-- Generated by org.testng.reporters.JUnitReportReporter -->
<testsuite hostname="Pradeeppandey" name="com.etiam.testcase.Hover" tests="1" failures="0" timestamp="2 Jul 2015 09:11:39 GMT" time="0.490" errors="0">
  <testcase name="testHover" time="0.490" classname="com.etiam.testcase.Hover"/>
</testsuite> <!-- com.etiam.testcase.Hover -->
